<?xml version="1.0" encoding="UTF-8"?>
<!-- Generated by org.testng.reporters.JUnitXMLReporter -->
<testsuite ignored="0" hostname="Rohans-Air" failures="1" tests="5" name="FreeCRMTest" time="33.008" errors="0" timestamp="07 Mar 2018 22:29:58 GMT">
  <testcase classname="com.freeCRM.qa.testcases.LoginTest" name="loginPageTitleTest" time="0.031">
    <skipped/>
  </testcase> <!-- loginPageTitleTest -->
  <testcase classname="com.freeCRM.qa.testcases.LoginTest" name="loginPageTitleTest" time="0.012">
    <skipped/>
  </testcase> <!-- loginPageTitleTest -->
  <testcase classname="com.freeCRM.qa.testcases.LoginTest" name="loginPageTitleTest" time="0.012">
    <failure type="java.lang.AssertionError" message="expected [#1 Free CRM for Any Business: Online Customer Relationship Softwar] but found [#1 Free CRM for Any Business: Online Customer Relationship Software]">
      <![CDATA[java.lang.AssertionError: expected [#1 Free CRM for Any Business: Online Customer Relationship Softwar] but found [#1 Free CRM for Any Business: Online Customer Relationship Software]at com.freeCRM.qa.testcases.LoginTest.loginPageTitleTest(LoginTest.java:30)... Removed 31 stack frames]]>
    </failure>
  </testcase> <!-- loginPageTitleTest -->
  <testcase classname="com.freeCRM.qa.testcases.LoginTest" name="loginPageLogoTest" time="0.076"/>
  <testcase classname="com.freeCRM.qa.testcases.LoginTest" name="loginCheckTest" time="5.132"/>
</testsuite> <!-- FreeCRMTest -->
