<?xml version="1.0" encoding="UTF-8"?>
<!-- Generated by org.testng.reporters.JUnitReportReporter -->
<testsuite hostname="Rohans-Air" failures="1" tests="5" name="com.freeCRM.qa.testcases.LoginTest" time="32.921" errors="0" timestamp="07 Mar 2018 22:29:58 GMT" skipped="2">
  <testcase classname="com.freeCRM.qa.testcases.LoginTest" name="loginPageTitleTest" time="4.936">
    <skipped/>
  </testcase> <!-- loginPageTitleTest -->
  <testcase classname="com.freeCRM.qa.testcases.LoginTest" name="loginPageTitleTest" time="4.173">
    <failure message="expected [#1 Free CRM for Any Business: Online Customer Relationship Softwar] but found [#1 Free CRM for Any Business: Online Customer Relationship Software]" type="java.lang.AssertionError">
      <![CDATA[java.lang.AssertionError: expected [#1 Free CRM for Any Business: Online Customer Relationship Softwar] but found [#1 Free CRM for Any Business: Online Customer Relationship Software]at org.testng.Assert.fail(Assert.java:96)at org.testng.Assert.failNotEquals(Assert.java:776)at org.testng.Assert.assertEqualsImpl(Assert.java:137)at org.testng.Assert.assertEquals(Assert.java:118)at org.testng.Assert.assertEquals(Assert.java:453)at org.testng.Assert.assertEquals(Assert.java:463)at com.freeCRM.qa.testcases.LoginTest.loginPageTitleTest(LoginTest.java:30)at java.base/jdk.internal.reflect.NativeMethodAccessorImpl.invoke0(Native Method)at java.base/jdk.internal.reflect.NativeMethodAccessorImpl.invoke(NativeMethodAccessorImpl.java:62)at java.base/jdk.internal.reflect.DelegatingMethodAccessorImpl.invoke(DelegatingMethodAccessorImpl.java:43)at java.base/java.lang.reflect.Method.invoke(Method.java:564)at org.testng.internal.MethodInvocationHelper.invokeMethod(MethodInvocationHelper.java:124)at org.testng.internal.Invoker.invokeMethod(Invoker.java:571)at org.testng.internal.Invoker.retryFailed(Invoker.java:829)at org.testng.internal.Invoker.invokeTestMethods(Invoker.java:1000)at org.testng.internal.TestMethodWorker.invokeTestMethods(TestMethodWorker.java:125)at org.testng.internal.TestMethodWorker.run(TestMethodWorker.java:109)at org.testng.TestRunner.privateRun(TestRunner.java:648)at org.testng.TestRunner.run(TestRunner.java:505)at org.testng.SuiteRunner.runTest(SuiteRunner.java:455)at org.testng.SuiteRunner.runSequentially(SuiteRunner.java:450)at org.testng.SuiteRunner.privateRun(SuiteRunner.java:415)at org.testng.SuiteRunner.run(SuiteRunner.java:364)at org.testng.SuiteRunnerWorker.runSuite(SuiteRunnerWorker.java:52)at org.testng.SuiteRunnerWorker.run(SuiteRunnerWorker.java:84)at org.testng.TestNG.runSuitesSequentially(TestNG.java:1187)at org.testng.TestNG.runSuitesLocally(TestNG.java:1116)at org.testng.TestNG.runSuites(TestNG.java:1028)at org.testng.TestNG.run(TestNG.java:996)at org.testng.remote.AbstractRemoteTestNG.run(AbstractRemoteTestNG.java:114)at org.testng.remote.RemoteTestNG.initAndRun(RemoteTestNG.java:251)at org.testng.remote.RemoteTestNG.main(RemoteTestNG.java:77)]]>
    </failure>
  </testcase> <!-- loginPageTitleTest -->
  <testcase classname="com.freeCRM.qa.testcases.LoginTest" name="loginPageTitleTest" time="5.372">
    <skipped/>
  </testcase> <!-- loginPageTitleTest -->
  <testcase classname="com.freeCRM.qa.testcases.LoginTest" name="loginPageLogoTest" time="7.127"/>
  <testcase classname="com.freeCRM.qa.testcases.LoginTest" name="loginCheckTest" time="11.313"/>
</testsuite> <!-- com.freeCRM.qa.testcases.LoginTest -->
